# JRE version: Java(TM) SE Runtime Environment (17.0.10+11) (build 17.0.10+11-LTS-240)
# Java VM: Java HotSpot(TM) 64-Bit Server VM (17.0.10+11-LTS-240, mixed mode, sharing, tiered, compressed oops, compressed class ptrs, g1 gc, windows-amd64)
GC Precious Log:
 CPUs: 12 total, 12 available
 Memory: 16314M
 Large Page Support: Disabled
 NUMA Support: Disabled
 Compressed Oops: Enabled (32-bit)
 Heap Region Size: 1M
 Heap Min Capacity: 256M
 Heap Initial Capacity: 256M
 Heap Max Capacity: 512M
 Pre-touch: Disabled
 Parallel Workers: 10
 Concurrent Workers: 3
 Concurrent Refinement Workers: 10
 Periodic GC: Disabled
Heap:
 garbage-first heap   total 262144K, used 143797K [0x00000000e0000000, 0x0000000100000000)
  region size 1024K, 75 young (76800K), 12 survivors (12288K)
 Metaspace       used 76081K, committed 77568K, reserved 458752K
  class space    used 10245K, committed 10944K, reserved 327680K
GC Heap History (20 events):
Event: 8.259 GC heap before
{Heap before GC invocations=11 (full 0):
 garbage-first heap   total 262144K, used 111922K [0x00000000e0000000, 0x0000000100000000)
  region size 1024K, 70 young (71680K), 19 survivors (19456K)
 Metaspace       used 60589K, committed 61120K, reserved 393216K
  class space    used 8579K, committed 8832K, reserved 327680K
}
Event: 8.269 GC heap after
{Heap after GC invocations=12 (full 0):
 garbage-first heap   total 262144K, used 57390K [0x00000000e0000000, 0x0000000100000000)
  region size 1024K, 5 young (5120K), 5 survivors (5120K)
 Metaspace       used 60589K, committed 61120K, reserved 393216K
  class space    used 8579K, committed 8832K, reserved 327680K
}
Event: 303.241 GC heap before
{Heap before GC invocations=13 (full 0):
 garbage-first heap   total 262144K, used 195630K [0x00000000e0000000, 0x0000000100000000)
  region size 1024K, 141 young (144384K), 5 survivors (5120K)
 Metaspace       used 64076K, committed 64768K, reserved 393216K
  class space    used 8931K, committed 9280K, reserved 327680K
}
Event: 303.250 GC heap after
{Heap after GC invocations=14 (full 0):
 garbage-first heap   total 262144K, used 65744K [0x00000000e0000000, 0x0000000100000000)
  region size 1024K, 13 young (13312K), 13 survivors (13312K)
 Metaspace       used 64076K, committed 64768K, reserved 393216K
  class space    used 8931K, committed 9280K, reserved 327680K
}
Event: 443.667 GC heap before
{Heap before GC invocations=14 (full 0):
 garbage-first heap   total 262144K, used 197840K [0x00000000e0000000, 0x0000000100000000)
  region size 1024K, 143 young (146432K), 13 survivors (13312K)
 Metaspace       used 64997K, committed 65792K, reserved 393216K
  class space    used 8973K, committed 9344K, reserved 327680K
}
Event: 443.675 GC heap after
{Heap after GC invocations=15 (full 0):
 garbage-first heap   total 262144K, used 68160K [0x00000000e0000000, 0x0000000100000000)
  region size 1024K, 12 young (12288K), 12 survivors (12288K)
 Metaspace       used 64997K, committed 65792K, reserved 393216K
  class space    used 8973K, committed 9344K, reserved 327680K
}
Event: 871.622 GC heap before
{Heap before GC invocations=15 (full 0):
 garbage-first heap   total 262144K, used 198208K [0x00000000e0000000, 0x0000000100000000)
  region size 1024K, 140 young (143360K), 12 survivors (12288K)
 Metaspace       used 65417K, committed 66176K, reserved 393216K
  class space    used 8982K, committed 9344K, reserved 327680K
}
Event: 871.630 GC heap after
{Heap after GC invocations=16 (full 0):
 garbage-first heap   total 262144K, used 76934K [0x00000000e0000000, 0x0000000100000000)
  region size 1024K, 18 young (18432K), 18 survivors (18432K)
 Metaspace       used 65417K, committed 66176K, reserved 393216K
  class space    used 8982K, committed 9344K, reserved 327680K
}
Event: 911.527 GC heap before
{Heap before GC invocations=16 (full 0):
 garbage-first heap   total 262144K, used 191622K [0x00000000e0000000, 0x0000000100000000)
  region size 1024K, 131 young (134144K), 18 survivors (18432K)
 Metaspace       used 65897K, committed 66688K, reserved 393216K
  class space    used 8998K, committed 9408K, reserved 327680K
}
Event: 911.531 GC heap after
{Heap after GC invocations=17 (full 0):
 garbage-first heap   total 262144K, used 68071K [0x00000000e0000000, 0x0000000100000000)
  region size 1024K, 6 young (6144K), 6 survivors (6144K)
 Metaspace       used 65897K, committed 66688K, reserved 393216K
  class space    used 8998K, committed 9408K, reserved 327680K
}
Event: 952.475 GC heap before
{Heap before GC invocations=17 (full 0):
 garbage-first heap   total 262144K, used 195047K [0x00000000e0000000, 0x0000000100000000)
  region size 1024K, 131 young (134144K), 6 survivors (6144K)
 Metaspace       used 66401K, committed 67264K, reserved 393216K
  class space    used 9028K, committed 9472K, reserved 327680K
}
Event: 952.477 GC heap after
{Heap after GC invocations=18 (full 0):
 garbage-first heap   total 262144K, used 65770K [0x00000000e0000000, 0x0000000100000000)
  region size 1024K, 4 young (4096K), 4 survivors (4096K)
 Metaspace       used 66401K, committed 67264K, reserved 393216K
  class space    used 9028K, committed 9472K, reserved 327680K
}
Event: 1041.949 GC heap before
{Heap before GC invocations=18 (full 0):
 garbage-first heap   total 262144K, used 199914K [0x00000000e0000000, 0x0000000100000000)
  region size 1024K, 136 young (139264K), 4 survivors (4096K)
 Metaspace       used 67515K, committed 68416K, reserved 393216K
  class space    used 9159K, committed 9600K, reserved 327680K
}
Event: 1041.952 GC heap after
{Heap after GC invocations=19 (full 0):
 garbage-first heap   total 262144K, used 64011K [0x00000000e0000000, 0x0000000100000000)
  region size 1024K, 2 young (2048K), 2 survivors (2048K)
 Metaspace       used 67515K, committed 68416K, reserved 393216K
  class space    used 9159K, committed 9600K, reserved 327680K
}
Event: 1042.884 GC heap before
{Heap before GC invocations=19 (full 0):
 garbage-first heap   total 262144K, used 206347K [0x00000000e0000000, 0x0000000100000000)
  region size 1024K, 142 young (145408K), 2 survivors (2048K)
 Metaspace       used 69646K, committed 70464K, reserved 393216K
  class space    used 9484K, committed 9856K, reserved 327680K
}
Event: 1042.894 GC heap after
{Heap after GC invocations=20 (full 0):
 garbage-first heap   total 262144K, used 71365K [0x00000000e0000000, 0x0000000100000000)
  region size 1024K, 9 young (9216K), 9 survivors (9216K)
 Metaspace       used 69646K, committed 70464K, reserved 393216K
  class space    used 9484K, committed 9856K, reserved 327680K
}
Event: 1043.940 GC heap before
{Heap before GC invocations=20 (full 0):
 garbage-first heap   total 262144K, used 207557K [0x00000000e0000000, 0x0000000100000000)
  region size 1024K, 143 young (146432K), 9 survivors (9216K)
 Metaspace       used 73620K, committed 74496K, reserved 393216K
  class space    used 9889K, committed 10304K, reserved 327680K
}
Event: 1043.952 GC heap after
{Heap after GC invocations=21 (full 0):
 garbage-first heap   total 262144K, used 78603K [0x00000000e0000000, 0x0000000100000000)
  region size 1024K, 16 young (16384K), 16 survivors (16384K)
 Metaspace       used 73620K, committed 74496K, reserved 393216K
  class space    used 9889K, committed 10304K, reserved 327680K
}
Event: 1077.234 GC heap before
{Heap before GC invocations=21 (full 0):
 garbage-first heap   total 262144K, used 208651K [0x00000000e0000000, 0x0000000100000000)
  region size 1024K, 144 young (147456K), 16 survivors (16384K)
 Metaspace       used 75926K, committed 77312K, reserved 458752K
  class space    used 10237K, committed 10944K, reserved 327680K
}
Event: 1077.246 GC heap after
{Heap after GC invocations=22 (full 0):
 garbage-first heap   total 262144K, used 81333K [0x00000000e0000000, 0x0000000100000000)
  region size 1024K, 12 young (12288K), 12 survivors (12288K)
 Metaspace       used 75926K, committed 77312K, reserved 458752K
  class space    used 10237K, committed 10944K, reserved 327680K
}

